{
  "stats": {
    "suites": 1,
    "tests": 1,
    "passes": 1,
    "pending": 0,
    "failures": 0,
    "start": "2025-07-21T17:26:19.100Z",
    "end": "2025-07-21T17:26:24.252Z",
    "duration": 5152,
    "testsRegistered": 1,
    "passPercent": 100,
    "pendingPercent": 0,
    "other": 0,
    "hasOther": false,
    "skipped": 0,
    "hasSkipped": false
  },
  "results": [
    {
      "uuid": "201a10f8-0aac-4aea-9e6b-4e1ae6892b2e",
      "title": "",
      "fullFile": "cypress\\e2e\\UI\\validaHomePage.cy.js",
      "file": "cypress\\e2e\\UI\\validaHomePage.cy.js",
      "beforeHooks": [],
      "afterHooks": [],
      "tests": [],
      "suites": [
        {
          "uuid": "0847a06c-b48f-4ef6-a3b1-99efe6066da9",
          "title": "Login - Serverest",
          "fullFile": "",
          "file": "",
          "beforeHooks": [],
          "afterHooks": [],
          "tests": [
            {
              "title": "Deve validar a página Home",
              "fullTitle": "Login - Serverest Deve validar a página Home",
              "timedOut": null,
              "duration": 3658,
              "state": "passed",
              "speed": "fast",
              "pass": true,
              "fail": false,
              "pending": false,
              "context": null,
              "code": "cy.login(this.dados.usuarioValido.email, this.dados.usuarioValido.senha);\nhomePage.validarHomeCompleta();",
              "err": {},
              "uuid": "c010e979-348a-4538-b53d-a0dc7346f179",
              "parentUUID": "0847a06c-b48f-4ef6-a3b1-99efe6066da9",
              "isHook": false,
              "skipped": false
            }
          ],
          "suites": [],
          "passes": [
            "c010e979-348a-4538-b53d-a0dc7346f179"
          ],
          "failures": [],
          "pending": [],
          "skipped": [],
          "duration": 3658,
          "root": false,
          "rootEmpty": false,
          "_timeout": 2000
        }
      ],
      "passes": [],
      "failures": [],
      "pending": [],
      "skipped": [],
      "duration": 0,
      "root": true,
      "rootEmpty": true,
      "_timeout": 2000
    }
  ],
  "meta": {
    "mocha": {
      "version": "7.2.0"
    },
    "mochawesome": {
      "options": {
        "quiet": false,
        "reportFilename": "mochawesome",
        "saveHtml": true,
        "saveJson": true,
        "consoleReporter": "spec",
        "useInlineDiffs": false,
        "code": true
      },
      "version": "7.1.3"
    },
    "marge": {
      "options": {
        "reportDir": "cypress/reports",
        "overwrite": true,
        "html": true,
        "json": true
      },
      "version": "6.2.0"
    }
  }
}